[    0.000000] Initializing cgroup subsys cpuset
[    0.000000] Initializing cgroup subsys cpu
[    0.000000] Initializing cgroup subsys cpuacct
[    0.000000] Linux version 4.4.0-184-generic (buildd@lgw01-amd64-060) (gcc version 5.4.0 20160609 (Ubuntu 5.4.0-6ubuntu1~16.04.12) ) #214-Ubuntu SMP Thu Jun 4 10:14:11 UTC 2020 (Ubuntu 4.4.0-184.214-generic 4.4.223)
[    0.000000] Command line: BOOT_IMAGE=/boot/vmlinuz-4.4.0-184-generic root=LABEL=cloudimg-rootfs ro console=tty1 console=ttyS0
[    0.000000] KERNEL supported cpus:
[    0.000000]   Intel GenuineIntel
[    0.000000]   AMD AuthenticAMD
[    0.000000]   Centaur CentaurHauls
[    0.000000] x86/fpu: xstate_offset[2]:  576, xstate_sizes[2]:  256
[    0.000000] x86/fpu: Supporting XSAVE feature 0x01: 'x87 floating point registers'
[    0.000000] x86/fpu: Supporting XSAVE feature 0x02: 'SSE registers'
[    0.000000] x86/fpu: Supporting XSAVE feature 0x04: 'AVX registers'
[    0.000000] x86/fpu: Enabled xstate features 0x7, context size is 832 bytes, using 'standard' format.
[    0.000000] e820: BIOS-provided physical RAM map:
[    0.000000] BIOS-e820: [mem 0x0000000000000000-0x000000000009fbff] usable
[    0.000000] BIOS-e820: [mem 0x000000000009fc00-0x000000000009ffff] reserved
[    0.000000] BIOS-e820: [mem 0x00000000000f0000-0x00000000000fffff] reserved
[    0.000000] BIOS-e820: [mem 0x0000000000100000-0x000000007ffeffff] usable
[    0.000000] BIOS-e820: [mem 0x000000007fff0000-0x000000007fffffff] ACPI data
[    0.000000] BIOS-e820: [mem 0x00000000fec00000-0x00000000fec00fff] reserved
[    0.000000] BIOS-e820: [mem 0x00000000fee00000-0x00000000fee00fff] reserved
[    0.000000] BIOS-e820: [mem 0x00000000fffc0000-0x00000000ffffffff] reserved
[    0.000000] NX (Execute Disable) protection: active
[    0.000000] SMBIOS 2.5 present.
[    0.000000] Hypervisor detected: KVM
[    0.000000] e820: last_pfn = 0x7fff0 max_arch_pfn = 0x400000000
[    0.000000] MTRR: Disabled
[    0.000000] x86/PAT: MTRRs disabled, skipping PAT initialization too.
[    0.000000] CPU MTRRs all blank - virtualized system.
[    0.000000] x86/PAT: Configuration [0-7]: WB  WT  UC- UC  WB  WT  UC- UC  
[    0.000000] found SMP MP-table at [mem 0x0009fff0-0x0009ffff] mapped at [ffff88000009fff0]
[    0.000000] Scanning 1 areas for low memory corruption
[    0.000000] RAMDISK: [mem 0x362dc000-0x37165fff]
[    0.000000] ACPI: Early table checksum verification disabled
[    0.000000] ACPI: RSDP 0x00000000000E0000 000024 (v02 VBOX  )
[    0.000000] ACPI: XSDT 0x000000007FFF0030 00003C (v01 VBOX   VBOXXSDT 00000001 ASL  00000061)
[    0.000000] ACPI: FACP 0x000000007FFF00F0 0000F4 (v04 VBOX   VBOXFACP 00000001 ASL  00000061)
[    0.000000] ACPI: DSDT 0x000000007FFF0470 0022EA (v02 VBOX   VBOXBIOS 00000002 INTL 20100528)
[    0.000000] ACPI: FACS 0x000000007FFF0200 000040
[    0.000000] ACPI: FACS 0x000000007FFF0200 000040
[    0.000000] ACPI: APIC 0x000000007FFF0240 00005C (v02 VBOX   VBOXAPIC 00000001 ASL  00000061)
[    0.000000] ACPI: SSDT 0x000000007FFF02A0 0001CC (v01 VBOX   VBOXCPUT 00000002 INTL 20100528)
[    0.000000] No NUMA configuration found
[    0.000000] Faking a node at [mem 0x0000000000000000-0x000000007ffeffff]
[    0.000000] NODE_DATA(0) allocated [mem 0x7ffeb000-0x7ffeffff]
[    0.000000] kvm-clock: Using msrs 4b564d01 and 4b564d00
[    0.000000] kvm-clock: cpu 0, msr 0:7ffe3001, primary cpu clock
[    0.000000] kvm-clock: using sched offset of 4709448268 cycles
[    0.000000] clocksource: kvm-clock: mask: 0xffffffffffffffff max_cycles: 0x1cd42e4dffb, max_idle_ns: 881590591483 ns
[    0.000000] Zone ranges:
[    0.000000]   DMA      [mem 0x0000000000001000-0x0000000000ffffff]
[    0.000000]   DMA32    [mem 0x0000000001000000-0x000000007ffeffff]
[    0.000000]   Normal   empty
[    0.000000]   Device   empty
[    0.000000] Movable zone start for each node
[    0.000000] Early memory node ranges
[    0.000000]   node   0: [mem 0x0000000000001000-0x000000000009efff]
[    0.000000]   node   0: [mem 0x0000000000100000-0x000000007ffeffff]
[    0.000000] Initmem setup node 0 [mem 0x0000000000001000-0x000000007ffeffff]
[    0.000000] ACPI: PM-Timer IO Port: 0x4008
[    0.000000] IOAPIC[0]: apic_id 2, version 32, address 0xfec00000, GSI 0-23
[    0.000000] ACPI: INT_SRC_OVR (bus 0 bus_irq 0 global_irq 2 dfl dfl)
[    0.000000] ACPI: INT_SRC_OVR (bus 0 bus_irq 9 global_irq 9 low level)
[    0.000000] Using ACPI (MADT) for SMP configuration information
[    0.000000] smpboot: Allowing 2 CPUs, 0 hotplug CPUs
[    0.000000] PM: Registered nosave memory: [mem 0x00000000-0x00000fff]
[    0.000000] PM: Registered nosave memory: [mem 0x0009f000-0x0009ffff]
[    0.000000] PM: Registered nosave memory: [mem 0x000a0000-0x000effff]
[    0.000000] PM: Registered nosave memory: [mem 0x000f0000-0x000fffff]
[    0.000000] e820: [mem 0x80000000-0xfebfffff] available for PCI devices
[    0.000000] Booting paravirtualized kernel on KVM
[    0.000000] clocksource: refined-jiffies: mask: 0xffffffff max_cycles: 0xffffffff, max_idle_ns: 7645519600211568 ns
[    0.000000] setup_percpu: NR_CPUS:512 nr_cpumask_bits:512 nr_cpu_ids:2 nr_node_ids:1
[    0.000000] PERCPU: Embedded 33 pages/cpu @ffff88007fc00000 s95448 r8192 d31528 u1048576
[    0.000000] Built 1 zonelists in Node order, mobility grouping on.  Total pages: 515960
[    0.000000] Policy zone: DMA32
[    0.000000] Kernel command line: BOOT_IMAGE=/boot/vmlinuz-4.4.0-184-generic root=LABEL=cloudimg-rootfs ro console=tty1 console=ttyS0
[    0.000000] PID hash table entries: 4096 (order: 3, 32768 bytes)
[    0.000000] Memory: 2029852K/2096696K available (8632K kernel code, 1336K rwdata, 4036K rodata, 1492K init, 1292K bss, 66844K reserved, 0K cma-reserved)
[    0.000000] SLUB: HWalign=64, Order=0-3, MinObjects=0, CPUs=2, Nodes=1
[    0.000000] Kernel/User page tables isolation: enabled
[    0.000000] Hierarchical RCU implementation.
[    0.000000] 	Build-time adjustment of leaf fanout to 64.
[    0.000000] 	RCU restricting CPUs from NR_CPUS=512 to nr_cpu_ids=2.
[    0.000000] RCU: Adjusting geometry for rcu_fanout_leaf=64, nr_cpu_ids=2
[    0.000000] NR_IRQS:33024 nr_irqs:440 16
[    0.000000] Console: colour VGA+ 80x25
[    0.000000] console [tty1] enabled
[    0.000000] console [ttyS0] enabled
[    0.000000] tsc: Detected 2594.118 MHz processor
[    0.386619] Calibrating delay loop (skipped) preset value.. 5188.23 BogoMIPS (lpj=10376472)
[    0.390652] pid_max: default: 32768 minimum: 301
[    0.392971] ACPI: Core revision 20150930
[    0.399045] ACPI: 2 ACPI AML tables successfully acquired and loaded
[    0.402056] Security Framework initialized
[    0.404465] Yama: becoming mindful.
[    0.406293] AppArmor: AppArmor initialized
[    0.410257] Dentry cache hash table entries: 262144 (order: 9, 2097152 bytes)
[    0.414582] Inode-cache hash table entries: 131072 (order: 8, 1048576 bytes)
[    0.420128] Mount-cache hash table entries: 4096 (order: 3, 32768 bytes)
[    0.423541] Mountpoint-cache hash table entries: 4096 (order: 3, 32768 bytes)
[    0.426983] Initializing cgroup subsys io
[    0.428966] Initializing cgroup subsys memory
[    0.431037] Initializing cgroup subsys devices
[    0.433166] Initializing cgroup subsys freezer
[    0.435283] Initializing cgroup subsys net_cls
[    0.437821] Initializing cgroup subsys perf_event
[    0.439965] Initializing cgroup subsys net_prio
[    0.442134] Initializing cgroup subsys hugetlb
[    0.444190] Initializing cgroup subsys pids
[    0.446617] mce: CPU supports 0 MCE banks
[    0.448627] Last level iTLB entries: 4KB 512, 2MB 8, 4MB 8
[    0.451061] Last level dTLB entries: 4KB 512, 2MB 32, 4MB 32, 1GB 0
[    0.453982] Spectre V1 : Mitigation: usercopy/swapgs barriers and __user pointer sanitization
[    0.457969] Spectre V2 : Mitigation: Full generic retpoline
[    0.460438] Spectre V2 : Spectre v2 / SpectreRSB mitigation: Filling RSB on context switch
[    0.464306] Speculative Store Bypass: Vulnerable
[    0.466481] SRBDS: Unknown: Dependent on hypervisor status
[    0.469302] MDS: Mitigation: Clear CPU buffers
[    0.477997] Freeing SMP alternatives memory: 36K
[    0.493780] ftrace: allocating 32319 entries in 127 pages
[    0.623787] smpboot: APIC(0) Converting physical 0 to logical package 0
[    0.628121] smpboot: Max logical packages: 1
[    0.632808] x2apic enabled
[    0.636471] Switched APIC routing to physical x2apic.
[    0.644246] ..TIMER: vector=0x30 apic1=0 pin1=2 apic2=-1 pin2=-1
[    0.755127] smpboot: CPU0: Intel(R) Core(TM) i5-3230M CPU @ 2.60GHz (family: 0x6, model: 0x3a, stepping: 0x9)
[    0.760163] Performance Events: unsupported p6 CPU model 58 no PMU driver, software events only.
[    0.785467] KVM setup paravirtual spinlock
[    0.790425] x86: Booting SMP configuration:
[    0.792465] .... node  #0, CPUs:      #1
[    0.794351] kvm-clock: cpu 1, msr 0:7ffe3041, secondary cpu clock
[    0.796976] mce: CPU supports 0 MCE banks
[    0.800392] x86: Booted up 1 node, 2 CPUs
[    0.803026] smpboot: Total of 2 processors activated (10376.47 BogoMIPS)
[    0.806759] devtmpfs: initialized
[    0.821368] evm: security.selinux
[    0.823140] evm: security.SMACK64
[    0.824934] evm: security.SMACK64EXEC
[    0.826732] evm: security.SMACK64TRANSMUTE
[    0.828780] evm: security.SMACK64MMAP
[    0.830609] evm: security.ima
[    0.832232] evm: security.capability
[    0.834445] clocksource: jiffies: mask: 0xffffffff max_cycles: 0xffffffff, max_idle_ns: 7645041785100000 ns
[    0.838897] futex hash table entries: 512 (order: 3, 32768 bytes)
[    0.841862] pinctrl core: initialized pinctrl subsystem
[    0.844565] RTC time:  5:48:39, date: 06/11/20
[    0.847039] NET: Registered protocol family 16
[    0.861393] cpuidle: using governor ladder
[    0.873359] cpuidle: using governor menu
[    0.875604] PCCT header not found.
[    0.877641] ACPI: bus type PCI registered
[    0.879586] acpiphp: ACPI Hot Plug PCI Controller Driver version: 0.5
[    0.882942] PCI: Using configuration type 1 for base access
[    0.903182] ACPI: Added _OSI(Module Device)
[    0.905398] ACPI: Added _OSI(Processor Device)
[    0.907540] ACPI: Added _OSI(3.0 _SCP Extensions)
[    0.909797] ACPI: Added _OSI(Processor Aggregator Device)
[    0.913971] ACPI: Executed 1 blocks of module-level executable AML code
[    0.923771] ACPI: Interpreter enabled
[    0.925758] ACPI: (supports S0 S5)
[    0.927581] ACPI: Using IOAPIC for interrupt routing
[    0.930450] PCI: Using host bridge windows from ACPI; if necessary, use "pci=nocrs" and report a bug
[    0.946176] ACPI: PCI Root Bridge [PCI0] (domain 0000 [bus 00-ff])
[    0.949697] acpi PNP0A03:00: _OSC: OS supports [ASPM ClockPM Segments MSI]
[    0.954963] acpi PNP0A03:00: _OSC: not requesting OS control; OS requires [ExtendedConfig ASPM ClockPM MSI]
[    0.960774] acpi PNP0A03:00: fail to add MMCONFIG information, can't access extended PCI configuration space under this bridge.
[    0.971196] PCI host bridge to bus 0000:00
[    0.974077] pci_bus 0000:00: root bus resource [io  0x0000-0x0cf7 window]
[    0.978028] pci_bus 0000:00: root bus resource [io  0x0d00-0xffff window]
[    0.981948] pci_bus 0000:00: root bus resource [mem 0x000a0000-0x000bffff window]
[    0.986523] pci_bus 0000:00: root bus resource [mem 0x80000000-0xfdffffff window]
[    0.990712] pci_bus 0000:00: root bus resource [bus 00-ff]
[    0.997144] pci 0000:00:01.1: legacy IDE quirk: reg 0x10: [io  0x01f0-0x01f7]
[    1.000958] pci 0000:00:01.1: legacy IDE quirk: reg 0x14: [io  0x03f6]
[    1.004894] pci 0000:00:01.1: legacy IDE quirk: reg 0x18: [io  0x0170-0x0177]
[    1.039703] pci 0000:00:01.1: legacy IDE quirk: reg 0x1c: [io  0x0376]
[    1.084267] pci 0000:00:07.0: quirk: [io  0x4000-0x403f] claimed by PIIX4 ACPI
[    1.088608] pci 0000:00:07.0: quirk: [io  0x4100-0x410f] claimed by PIIX4 SMB
[    1.120305] ACPI: PCI Interrupt Link [LNKA] (IRQs 5 9 10 *11)
[    1.124492] ACPI: PCI Interrupt Link [LNKB] (IRQs 5 9 *10 11)
[    1.128175] ACPI: PCI Interrupt Link [LNKC] (IRQs 5 *9 10 11)
[    1.131831] ACPI: PCI Interrupt Link [LNKD] (IRQs 5 9 10 *11)
[    1.135671] ACPI: Enabled 2 GPEs in block 00 to 07
[    1.138998] vgaarb: setting as boot device: PCI:0000:00:02.0
[    1.141474] vgaarb: device added: PCI:0000:00:02.0,decodes=io+mem,owns=io+mem,locks=none
[    1.145315] vgaarb: loaded
[    1.146880] vgaarb: bridge control possible 0000:00:02.0
[    1.149827] SCSI subsystem initialized
[    1.151945] ACPI: bus type USB registered
[    1.153995] usbcore: registered new interface driver usbfs
[    1.156406] usbcore: registered new interface driver hub
[    1.158900] usbcore: registered new device driver usb
[    1.161581] PCI: Using ACPI for IRQ routing
[    1.164165] NetLabel: Initializing
[    1.166013] NetLabel:  domain hash size = 128
[    1.168116] NetLabel:  protocols = UNLABELED CIPSOv4
[    1.170840] NetLabel:  unlabeled traffic allowed by default
[    1.173644] amd_nb: Cannot enumerate AMD northbridges
[    1.176089] clocksource: Switched to clocksource kvm-clock
[    1.197369] AppArmor: AppArmor Filesystem Enabled
[    1.199800] pnp: PnP ACPI init
[    1.203742] pnp: PnP ACPI: found 3 devices
[    1.220201] clocksource: acpi_pm: mask: 0xffffff max_cycles: 0xffffff, max_idle_ns: 2085701024 ns
[    1.224389] NET: Registered protocol family 2
[    1.226845] TCP established hash table entries: 16384 (order: 5, 131072 bytes)
[    1.230553] TCP bind hash table entries: 16384 (order: 6, 262144 bytes)
[    1.233303] TCP: Hash tables configured (established 16384 bind 16384)
[    1.236252] UDP hash table entries: 1024 (order: 3, 32768 bytes)
[    1.238999] UDP-Lite hash table entries: 1024 (order: 3, 32768 bytes)
[    1.242776] NET: Registered protocol family 1
[    1.245513] pci 0000:00:00.0: Limiting direct PCI/PCI transfers
[    1.249233] pci 0000:00:01.0: Activating ISA DMA hang workarounds
[    1.252670] Unpacking initramfs...
[    1.769109] Freeing initrd memory: 14888K
[    1.771643] RAPL PMU detected, API unit is 2^-32 Joules, 3 fixed counters 10737418240 ms ovfl timer
[    1.775886] hw unit of domain pp0-core 2^-0 Joules
[    1.778131] hw unit of domain package 2^-0 Joules
[    1.780272] hw unit of domain pp1-gpu 2^-0 Joules
[    1.782778] clocksource: tsc: mask: 0xffffffffffffffff max_cycles: 0x25648795e0a, max_idle_ns: 440795308372 ns
[    1.788028] platform rtc_cmos: registered platform RTC device (no PNP device found)
[    1.791903] Scanning for low memory corruption every 60 seconds
[    1.795005] audit: initializing netlink subsys (disabled)
[    1.797572] audit: type=2000 audit(1591854526.715:1): initialized
[    1.800885] Initialise system trusted keyring
[    1.803563] HugeTLB registered 2 MB page size, pre-allocated 0 pages
[    1.809916] zbud: loaded
[    1.812102] VFS: Disk quotas dquot_6.6.0
[    1.814116] VFS: Dquot-cache hash table entries: 512 (order 0, 4096 bytes)
[    1.817587] squashfs: version 4.0 (2009/01/31) Phillip Lougher
[    1.821091] fuse init (API version 7.23)
[    1.823263] Key type big_key registered
[    1.825443] Allocating IMA MOK and blacklist keyrings.
[    1.829551] Key type asymmetric registered
[    1.831592] Asymmetric key parser 'x509' registered
[    1.834079] Block layer SCSI generic (bsg) driver version 0.4 loaded (major 249)
[    1.838190] io scheduler noop registered
[    1.840093] io scheduler deadline registered (default)
[    1.842558] io scheduler cfq registered
[    1.844645] pci_hotplug: PCI Hot Plug PCI Core version: 0.5
[    1.847232] pciehp: PCI Express Hot Plug Controller Driver version: 0.4
[    1.850256] ACPI: AC Adapter [AC] (on-line)
[    1.852548] input: Power Button as /devices/LNXSYSTM:00/LNXPWRBN:00/input/input0
[    1.856442] ACPI: Power Button [PWRF]
[    1.858428] input: Sleep Button as /devices/LNXSYSTM:00/LNXSLPBN:00/input/input1
[    1.862347] ACPI: Sleep Button [SLPF]
[    1.866058] ACPI: Battery Slot [BAT0] (battery present)
[    1.868509] GHES: HEST is not enabled!
[    1.870649] Serial: 8250/16550 driver, 32 ports, IRQ sharing enabled
[    1.894787] 00:02: ttyS0 at I/O 0x3f8 (irq = 4, base_baud = 115200) is a 16550A
[    1.901210] Linux agpgart interface v0.103
[    1.907817] loop: module loaded
[    1.910896] scsi host0: ata_piix
[    1.913002] scsi host1: ata_piix
[    1.914787] ata1: PATA max UDMA/33 cmd 0x1f0 ctl 0x3f6 bmdma 0xd000 irq 14
[    1.917700] ata2: PATA max UDMA/33 cmd 0x170 ctl 0x376 bmdma 0xd008 irq 15
[    1.921426] libphy: Fixed MDIO Bus: probed
[    1.923718] tun: Universal TUN/TAP device driver, 1.6
[    1.926244] tun: (C) 1999-2004 Max Krasnyansky <maxk@qualcomm.com>
[    1.928951] PPP generic driver version 2.4.2
[    1.931163] ehci_hcd: USB 2.0 'Enhanced' Host Controller (EHCI) Driver
[    1.933907] ehci-pci: EHCI PCI platform driver
[    1.936479] ehci-platform: EHCI generic platform driver
[    1.939017] ohci_hcd: USB 1.1 'Open' Host Controller (OHCI) Driver
[    1.941658] ohci-pci: OHCI PCI platform driver
[    1.943728] ohci-platform: OHCI generic platform driver
[    1.946164] uhci_hcd: USB Universal Host Controller Interface driver
[    1.948991] i8042: PNP: PS/2 Controller [PNP0303:PS2K,PNP0f03:PS2M] at 0x60,0x64 irq 1,12
[    1.953827] serio: i8042 KBD port at 0x60,0x64 irq 1
[    1.956123] serio: i8042 AUX port at 0x60,0x64 irq 12
[    1.958751] mousedev: PS/2 mouse device common for all mice
[    1.962275] rtc_cmos rtc_cmos: rtc core: registered rtc_cmos as rtc0
[    1.965325] input: AT Translated Set 2 keyboard as /devices/platform/i8042/serio0/input/input2
[    1.970223] rtc_cmos rtc_cmos: alarms up to one day, 114 bytes nvram
[    1.973090] i2c /dev entries driver
[    1.975068] device-mapper: uevent: version 1.0.3
[    1.977570] device-mapper: ioctl: 4.34.0-ioctl (2015-10-28) initialised: dm-devel@redhat.com
[    1.981791] ledtrig-cpu: registered to indicate activity on CPUs
[    1.985364] NET: Registered protocol family 10
[    1.988146] NET: Registered protocol family 17
[    1.990470] Key type dns_resolver registered
[    1.993465] registered taskstats version 1
[    1.995511] Loading compiled-in X.509 certificates
[    1.998748] Loaded X.509 cert 'Build time autogenerated kernel key: b6ae09eed57f82583ccd3c65c463e852cdd7a0b5'
[    2.003642] zswap: loaded using pool lzo/zbud
[    2.009411] Key type trusted registered
[    2.017307] Key type encrypted registered
[    2.019791] AppArmor: AppArmor sha1 policy hashing enabled
[    2.022334] ima: No TPM chip found, activating TPM-bypass!
[    2.024743] ima: Allocated hash algorithm: sha1
[    2.026831] evm: HMAC attrs: 0x1
[    2.029209]   Magic number: 8:142:820
[    2.031766] rtc_cmos rtc_cmos: setting system clock to 2020-06-11 05:48:40 UTC (1591854520)
[    2.037304] BIOS EDD facility v0.16 2004-Jun-25, 0 devices found
[    2.040665] EDD information not available.
[    2.081578] Freeing unused kernel memory: 1492K
[    2.084754] Write protecting the kernel read-only data: 14336k
[    2.089036] Freeing unused kernel memory: 1596K
[    2.091996] Freeing unused kernel memory: 60K
Loading, please wait...
starting version 229
[    2.122606] random: systemd-udevd: uninitialized urandom read (16 bytes read, 3 bits of entropy available)
[    2.124215] random: udevadm: uninitialized urandom read (16 bytes read, 3 bits of entropy available)
[    2.124268] random: udevadm: uninitialized urandom read (16 bytes read, 3 bits of entropy available)
[    2.140226] random: systemd-udevd: uninitialized urandom read (16 bytes read, 3 bits of entropy available)
[    2.144639] random: systemd-udevd: uninitialized urandom read (16 bytes read, 3 bits of entropy available)
[    2.150283] random: systemd-udevd: uninitialized urandom read (16 bytes read, 3 bits of entropy available)
[    2.150643] random: udevadm: uninitialized urandom read (16 bytes read, 3 bits of entropy available)
[    2.150730] random: udevadm: uninitialized urandom read (16 bytes read, 3 bits of entropy available)
[    2.151045] random: udevadm: uninitialized urandom read (16 bytes read, 3 bits of entropy available)
[    2.151158] random: udevadm: uninitialized urandom read (16 bytes read, 3 bits of entropy available)
[    2.255948] e1000: Intel(R) PRO/1000 Network Driver - version 7.3.21-k8-NAPI
[    2.259721] e1000: Copyright (c) 1999-2006 Intel Corporation.
[    2.264067] Fusion MPT base driver 3.04.20
[    2.266238] Copyright (c) 1999-2008 LSI Corporation
[    2.278093] Fusion MPT SPI Host driver 3.04.20
[    2.337301] AVX version of gcm_enc/dec engaged.
[    2.339990] AES CTR mode by8 optimization enabled
[    2.495160] input: ImExPS/2 Generic Explorer Mouse as /devices/platform/i8042/serio1/input/input4
[    2.745248] e1000 0000:00:03.0 eth0: (PCI:33MHz:32-bit) 02:fd:3e:94:53:22
[    2.748978] e1000 0000:00:03.0 eth0: Intel(R) PRO/1000 Network Connection
[    2.756039] mptbase: ioc0: Initiating bringup
[    2.824613] ioc0: LSI53C1030 A0: Capabilities={Initiator}
[    2.987826] scsi host2: ioc0: LSI53C1030 A0, FwRev=00000000h, Ports=1, MaxQ=256, IRQ=20
[    3.101441] scsi 2:0:0:0: Direct-Access     VBOX     HARDDISK         1.0  PQ: 0 ANSI: 5
[    3.106267] scsi target2:0:0: Beginning Domain Validation
[    3.110250] scsi target2:0:0: Domain Validation skipping write tests
[    3.112875] scsi target2:0:0: Ending Domain Validation
[    3.115257] scsi target2:0:0: asynchronous
[    3.152489] scsi 2:0:1:0: Direct-Access     VBOX     HARDDISK         1.0  PQ: 0 ANSI: 5
[    3.157818] scsi target2:0:1: Beginning Domain Validation
[    3.163474] scsi target2:0:1: Domain Validation skipping write tests
[    3.167362] scsi target2:0:1: Ending Domain Validation
[    3.170839] scsi target2:0:1: asynchronous
[    3.190398] sd 2:0:0:0: [sda] 20971520 512-byte logical blocks: (10.7 GB/10.0 GiB)
[    3.195792] sd 2:0:0:0: Attached scsi generic sg0 type 0
[    3.200827] sd 2:0:1:0: [sdb] 20480 512-byte logical blocks: (10.5 MB/10.0 MiB)
[    3.206718] sd 2:0:1:0: Attached scsi generic sg1 type 0
[    3.210590] sd 2:0:0:0: [sda] Write Protect is off
[    3.213958] sd 2:0:1:0: [sdb] Write Protect is off
[    3.217679] sd 2:0:1:0: [sdb] Incomplete mode parameter data
[    3.221909] sd 2:0:1:0: [sdb] Assuming drive cache: write through
[    3.225210] sd 2:0:0:0: [sda] Incomplete mode parameter data
[    3.228385] sd 2:0:0:0: [sda] Assuming drive cache: write through
[    3.235606]  sda: sda1
[    3.239625] sd 2:0:0:0: [sda] Attached SCSI disk
[    3.244007] sd 2:0:1:0: [sdb] Attached SCSI disk
[    3.587130] e1000 0000:00:08.0 eth1: (PCI:33MHz:32-bit) 08:00:27:35:91:e9
[    3.590147] e1000 0000:00:08.0 eth1: Intel(R) PRO/1000 Network Connection
[    3.594641] e1000 0000:00:03.0 enp0s3: renamed from eth0
[    3.612207] e1000 0000:00:08.0 enp0s8: renamed from eth1
Begin: Loading essential drivers ... [    5.639449] md: linear personality registered for level -1
[    5.647394] md: multipath personality registered for level -4
[    5.655045] md: raid0 personality registered for level 0
[    5.664528] md: raid1 personality registered for level 1
[    5.740499] raid6: sse2x1   gen()  2333 MB/s
[    5.808182] raid6: sse2x1   xor()  1526 MB/s
[    5.876195] raid6: sse2x2   gen()  4171 MB/s
[    5.944548] raid6: sse2x2   xor()  2965 MB/s
[    6.012358] raid6: sse2x4   gen()  6675 MB/s
[    6.080245] raid6: sse2x4   xor()  3671 MB/s
[    6.082352] raid6: using algorithm sse2x4 gen() 6675 MB/s
[    6.085328] raid6: .... xor() 3671 MB/s, rmw enabled
[    6.087873] raid6: using ssse3x2 recovery algorithm
[    6.092560] xor: automatically using best checksumming function:
[    6.132419]    avx       : 18540.000 MB/sec
[    6.137341] async_tx: api initialized (async)
[    6.158777] md: raid6 personality registered for level 6
[    6.161350] md: raid5 personality registered for level 5
[    6.163618] md: raid4 personality registered for level 4
[    6.178301] md: raid10 personality registered for level 10
done.
Begin: Running /scripts/init-premount ... done.
Begin: Mounting root file system ... Begin: Running /scripts/local-top ... done.
Begin: Running /scripts/local-premount ... [    6.247679] Btrfs loaded
Scanning for Btrfs filesystems
done.
Warning: fsck not present, so skipping root file system
[    6.296836] EXT4-fs (sda1): mounted filesystem with ordered data mode. Opts: (null)
done.
Begin: Running /scripts/local-bottom ... done.
Begin: Running /scripts/init-bottom ... done.
[    6.462922] systemd[1]: systemd 229 running in system mode. (+PAM +AUDIT +SELINUX +IMA +APPARMOR +SMACK +SYSVINIT +UTMP +LIBCRYPTSETUP +GCRYPT +GNUTLS +ACL +XZ -LZ4 +SECCOMP +BLKID +ELFUTILS +KMOD -IDN)
[    6.473063] systemd[1]: Detected virtualization oracle.
[    6.476039] systemd[1]: Detected architecture x86-64.

Welcome to [1mUbuntu 16.04.6 LTS[0m!

[    6.486250] systemd[1]: Set hostname to <juice>.
[    6.727940] systemd[1]: Started Forward Password Requests to Wall Directory Watch.
[[0;32m  OK  [0m] Started Forward Password Requests to Wall Directory Watch.
[    6.733787] systemd[1]: Listening on Journal Socket (/dev/log).
[[0;32m  OK  [0m] Listening on Journal Socket (/dev/log).
[    6.738823] systemd[1]: Started Trigger resolvconf update for networkd DNS.
[[0;32m  OK  [0m] Started Trigger resolvconf update for networkd DNS.
[    6.744064] systemd[1]: Listening on Device-mapper event daemon FIFOs.
[[0;32m  OK  [0m] Listening on Device-mapper event daemon FIFOs.
[    6.749623] systemd[1]: Created slice User and Session Slice.
[[0;32m  OK  [0m] Created slice User and Session Slice.
[    6.785466] systemd[1]: Listening on LVM2 metadata daemon socket.
[[0;32m  OK  [0m] Listening on LVM2 metadata daemon socket.
[    6.789711] systemd[1]: Reached target System Time Synchronized.
[[0;32m  OK  [0m] Reached target System Time Synchronized.
[    6.793614] systemd[1]: Listening on Syslog Socket.
[[0;32m  OK  [0m] Listening on Syslog Socket.
[    6.797668] systemd[1]: Reached target Encrypted Volumes.
[[0;32m  OK  [0m] Reached target Encrypted Volumes.
[    6.802277] systemd[1]: Set up automount Arbitrary Executable File Formats File System Automount Point.
[[0;32m  OK  [0m] Set up automount Arbitrary Executab...ats File System Automount Point.
[    7.182718] systemd[1]: Created slice System Slice.
[[0;32m  OK  [0m] Created slice System Slice.
[    7.187401] systemd[1]: Created slice system-serial\x2dgetty.slice.
[[0;32m  OK  [0m] Created slice system-serial\x2dgetty.slice.
[    7.191501] systemd[1]: Reached target Slices.
[[0;32m  OK  [0m] Reached target Slices.
[    7.195257] systemd[1]: Listening on udev Kernel Socket.
[[0;32m  OK  [0m] Listening on udev Kernel Socket.
[    7.199637] systemd[1]: Listening on LVM2 poll daemon socket.
[[0;32m  OK  [0m] Listening on LVM2 poll daemon socket.
[    7.203864] systemd[1]: Listening on /dev/initctl Compatibility Named Pipe.
[[0;32m  OK  [0m] Listening on /dev/initctl Compatibility Named Pipe.
[    7.208921] systemd[1]: Reached target User and Group Name Lookups.
[[0;32m  OK  [0m] Reached target User and Group Name Lookups.
[    7.213542] systemd[1]: Listening on Journal Socket.
[[0;32m  OK  [0m] Listening on Journal Socket.
[    7.228818] systemd[1]: Starting Uncomplicated firewall...
         Starting Uncomplicated firewall...
[    7.236256] systemd[1]: Starting Create list of required static device nodes for the current kernel...
         Starting Create list of required st... nodes for the current kernel...
[    7.247474] systemd[1]: Starting Load Kernel Modules...
         Starting Load Kernel Modules...
[    7.253913] systemd[1]: Starting Monitoring of LVM2 mirrors, snapshots etc. using dmeventd or progress polling...
         Starting Monitoring of LVM2 mirrors... dmeventd or progress polling...
[    7.264173] systemd[1]: Mounting POSIX Message Queue File System...
         Mounting POSIX Message Queue File System...
[    7.270194] Loading iSCSI transport class v2.0-870.
[    7.272383] systemd[1]: Starting Remount Root and Kernel File Systems...
         Starting Remount Root and Kernel File Systems...
[    7.281228] systemd[1]: Starting Nameserver information manager...
         Starting Nameserver information manager...
[    7.290430] systemd[1]: Starting Set console keymap...
         Starting Set console keymap...
[    7.299112] systemd[1]: Mounting Debug File System...
         Mounting Debug File System...
[    7.304622] EXT4-fs (sda1): re-mounted. Opts: (null)
[    7.306222] systemd[1]: Mounting Huge Pages File System...
         Mounting Huge Pages File System...
[    7.312950] systemd[1]: Listening on udev Control Socket.
[[0;32m  OK  [0m] Listening on udev Control Socket.
[    7.321260] systemd[1]: Reached target Swap.
[[0;32m  OK  [0m] Reached target Swap.
[    7.329337] systemd[1]: Listening on Journal Audit Socket.
[[0;32m  OK  [0m] Listening on Journal Audit Socket.
[    7.341021] iscsi: registered transport (tcp)
[    7.352640] systemd[1]: Starting Journal Service...
         Starting Journal Service...
[    7.368017] systemd[1]: Mounted Debug File System.
[[0;32m  OK  [0m] Mounted Debug File System.
[    7.375467] systemd[1]: Mounted Huge Pages File System.
[[0;32m  OK  [0m] Mounted Huge Pages File System.
[    7.381318] systemd[1]: Mounted POSIX Message Queue File System.
[[0;32m  OK  [0m] Mounted POSIX Message Queue File System.
[    7.391915] systemd[1]: Started Uncomplicated firewall.
[[0;32m  OK  [0m] Started Uncomplicated firewall.
[    7.405795] systemd[1]: Started Create list of required static device nodes for the current kernel.
[[0;32m  OK  [0m] Started Create list of required sta...ce nodes for the current kernel.
[    7.418375] systemd[1]: Started Remount Root and Kernel File Systems.
[[0;32m  OK  [0m] Started Remount Root and Kernel File Systems.
[    7.443312] systemd[1]: Started Journal Service.
[[0;32m  OK  [0m] Started Journal Service.
[[0;32m  OK  [0m[    7.458348] iscsi: registered transport (iser)
] Started Nameserver information manager.
[[0;32m  OK  [0m] Started LVM2 metadata daemon.
         Starting udev Coldplug all Devices...
         Starting Flush Journal to Persistent Storage...
         Starting Load/Save Random Seed...
         Starting Create Static Device Nodes in /dev...
[[0;32m  OK  [0m] Started Load Kernel Modules.
[[0;32m  OK  [0m] Started Load/Save Random Seed.
         Mounting FUSE Control File System...
         Starting Apply Kernel Variables...
[[0;32m  OK  [0m] Mounted FUSE Control File System.
[[0;32m  OK  [0m] Started Apply Kernel Variables.
[[0;32m  OK  [0m] Started Create Static Device Nodes in /dev.
[[0;32m  OK  [0m] Started Set console keymap.
         Starting udev Kernel Device Manager...
[[0;32m  OK  [0m] Started Flush Journal to Persistent Storage.
[[0;32m  OK  [0m] Started udev Kernel Device Manager.
[[0;32m  OK  [0m] Started udev Coldplug all Devices.
[[0;32m  OK  [0m] Started Dispatch Password Requests to Console Directory Watch.
[[0;32m  OK  [0m] Started Monitoring of LVM2 mirrors,...ng dmeventd or progress polling.
[[0;32m  OK  [0m] Reached target Local File Systems (Pre).
[[0;32m  OK  [0m] Reached target Local File Systems.
         Starting LSB: AppArmor initialization...
         Starting Set console font and keymap...
         Starting Create Volatile Files and Directories...
         Starting Initial cloud-init job (pre-networking)...
         Starting Tell Plymouth To Write Out Runtime Data...
[[0;32m  OK  [0m] Found device /dev/ttyS0.
[[0;32m  OK  [0m] Started Tell Plymouth To Write Out Runtime Data.
[[0;32m  OK  [0m] Started Create Volatile Files and Directories.
         Starting Update UTMP about System Boot/Shutdown...
[[0;32m  OK  [0m] Started Update UTMP about System Boot/Shutdown.
[[0;32m  OK  [0m] Listening on Load/Save RF Kill Switch Status /dev/rfkill Watch.
[[0;32m  OK  [0m] Started LSB: AppArmor initialization.
[[0;32m  OK  [0m] Found device 82540EM Gigabit Ethern...r (PRO/1000 MT Desktop Adapter).
[[0;32m  OK  [0m] Found device 82540EM Gigabit Ethern...r (PRO/1000 MT Desktop Adapter).
[    9.449489] cloud-init[512]: Cloud-init v. 19.4-33-gbb4131a2-0ubuntu1~16.04.1 running 'init-local' at Thu, 11 Jun 2020 05:48:47 +0000. Up 8.82 seconds.
[[0;32m  OK  [0m] Started Initial cloud-init job (pre-networking).
[[0;32m  OK  [0m] Reached target Network (Pre).
[[0;32m  OK  [0m] Started ifup for enp0s3.
         Starting Raise network interfaces...
[[0;32m  OK  [0m] Started ifup for enp0s8.
[[0;32m  OK  [0m] Started Set console font and keymap.
[[0;32m  OK  [0m] Created slice system-getty.slice.
[[0;32m  OK  [0m] Started Raise network interfaces.
         Starting Initial cloud-init job (metadata service crawler)...
[[0;32m  OK  [0m] Reached target Network.
[   12.392768] cloud-init[1080]: Cloud-init v. 19.4-33-gbb4131a2-0ubuntu1~16.04.1 running 'init' at Thu, 11 Jun 2020 05:48:50 +0000. Up 11.66 seconds.
[   12.397867] cloud-init[1080]: ci-info: ++++++++++++++++++++++++++++++++++++++Net device info+++++++++++++++++++++++++++++++++++++++
[   12.402227] cloud-init[1080]: ci-info: +--------+------+-----------------------------+---------------+--------+-------------------+
[   12.408157] cloud-init[1080]: ci-info: | Device |  Up  |           Address           |      Mask     | Scope  |     Hw-Address    |
[   12.413008] cloud-init[1080]: ci-info: +--------+------+-----------------------------+---------------+--------+-------------------+
[   12.420444] cloud-init[1080]: ci-info: | enp0s3 | True |          10.0.2.15          | 255.255.255.0 | global | 02:fd:3e:94:53:22 |
[   12.426787] cloud-init[1080]: ci-info: | enp0s3 | True |  fe80::fd:3eff:fe94:5322/64 |       .       |  link  | 02:fd:3e:94:53:22 |
[   12.431567] cloud-init[1080]: ci-info: | enp0s8 | True |        192.168.33.10        | 255.255.255.0 | global | 08:00:27:35:91:e9 |
[   12.438494] cloud-init[1080]: ci-info: | enp0s8 | True | fe80::a00:27ff:fe35:91e9/64 |       .       |  link  | 08:00:27:35:91:e9 |
[   12.444559] cloud-init[1080]: ci-info: |   lo   | True |          127.0.0.1          |   255.0.0.0   |  host  |         .         |
[   12.449555] cloud-init[1080]: ci-info: |   lo   | True |           ::1/128           |       .       |  host  |         .         |
[   12.454448] cloud-init[1080]: ci-info: +--------+------+-----------------------------+---------------+--------+-------------------+
[   12.459668] cloud-init[1080]: ci-info: ++++++++++++++++++++++++++++Route IPv4 info++++++++++++++++++++++++++++
[   12.464481] cloud-init[1080]: ci-info: +-------+--------------+----------+---------------+-----------+-------+
[   12.468866] cloud-init[1080]: ci-info: | Route | Destination  | Gateway  |    Genmask    | Interface | Flags |
[   12.473758] cloud-init[1080]: ci-info: +-------+--------------+----------+---------------+-----------+-------+
[   12.479746] cloud-init[1080]: ci-info: |   0   |   0.0.0.0    | 10.0.2.2 |    0.0.0.0    |   enp0s3  |   UG  |
[   12.483903] cloud-init[1080]: ci-info: |   1   |   10.0.2.0   | 0.0.0.0  | 255.255.255.0 |   enp0s3  |   U   |
[   12.488948] cloud-init[1080]: ci-info: |   2   | 192.168.33.0 | 0.0.0.0  | 255.255.255.0 |   enp0s8  |   U   |
[   12.493772] cloud-init[1080]: ci-info: +-------+--------------+----------+---------------+-----------+-------+
[   12.498109] cloud-init[1080]: ci-info: +++++++++++++++++++Route IPv6 info+++++++++++++++++++
[   12.504999] cloud-init[1080]: ci-info: +-------+-------------+---------+-----------+-------+
[   12.505554] cloud-init[1080]: ci-info: | Route | Destination | Gateway | Interface | Flags |
[[0;32m  OK  [0m] Started Initial cloud-init job (metadata service crawler).
[   12.508208] cloud-init[1080]: ci-info: +-------+-------------+---------+-----------+-------+
[   12.516568] cloud-init[1080]: ci-info: |   0   |  fe80::/64  |    ::   |   enp0s3  |   U   |
[   12.517207] cloud-init[1080]: ci-info: |   1   |  fe80::/64  |    ::   |   enp0s8  |   U   |
[   12.520730] cloud-init[1080]: ci-info: |   5   |   ff00::/8  |    ::   |   enp0s3  |   U   |
[   12.522461] cloud-init[1080]: ci-info: |   6   |   ff00::/8  |    ::   |   enp0s8  |   U   |
[   12.524674] cloud-init[1080]: ci-info: +-------+-------------+---------+-----------+-------+
[[0;32m  OK  [0m] Reached target Network is Online.
         Starting iSCSI initiator daemon (iscsid)...
[[0;32m  OK  [0m] Reached target System Initialization.
[[0;32m  OK  [0m] Started Message of the Day.
[[0;32m  OK  [0m] Listening on UUID daemon activation socket.
[[0;32m  OK  [0m] Listening on ACPID Listen Socket.
         Starting LXD - unix socket.
[[0;32m  OK  [0m] Listening on D-Bus System Message Bus Socket.
         Starting Socket activation for snappy daemon.
[[0;32m  OK  [0m] Started Daily Cleanup of Temporary Directories.
[[0;32m  OK  [0m] Started ACPI Events Check.
[[0;32m  OK  [0m] Reached target Paths.
[[0;32m  OK  [0m] Started Daily apt download activities.
[[0;32m  OK  [0m] Started Daily apt upgrade and clean activities.
[[0;32m  OK  [0m] Reached target Timers.
         Starting Docker Socket for the API.
[[0;32m  OK  [0m] Reached target Cloud-config availability.
[[0;32m  OK  [0m] Listening on LXD - unix socket.
[[0;32m  OK  [0m] Listening on Socket activation for snappy daemon.
[[0;32m  OK  [0m] Listening on Docker Socket for the API.
[[0;32m  OK  [0m] Started iSCSI initiator daemon (iscsid).
         Starting Login to default iSCSI targets...
[[0;32m  OK  [0m] Reached target Sockets.
[[0;32m  OK  [0m] Reached target Basic System.
         Starting /etc/rc.local Compatibility...
         Starting System Logging Service...
[[0;32m  OK  [0m] Started Deferred execution scheduler.
[[0;32m  OK  [0m] Started D-Bus System Message Bus.
[[0;32m  OK  [0m] Started ACPI event daemon.
[[0;32m  OK  [0m] Started FUSE filesystem for LXC.
         Starting containerd container runtime...
         Starting Login Service...
         Starting LSB: MD monitoring daemon...
         Starting OpenBSD Secure Shell server...
         Starting LSB: Record successful boot for GRUB...
[[0;32m  OK  [0m] Started Regular background program processing daemon.
         Starting Virtualbox guest utils...
         Starting Snappy daemon...
         Starting Accounts Service...
         Starting LXD - container startup/shutdown...
[[0;32m  OK  [0m] Started System Logging Service.
[[0;32m  OK  [0m] Started /etc/rc.local Compatibility.
[[0;32m  OK  [0m] Started containerd container runtime.
         Starting Docker Application Container Engine...
[[0;32m  OK  [0m] Started Login Service.
[[0;32m  OK  [0m] Started Unattended Upgrades Shutdown.
[[0;32m  OK  [0m] Started Login to default iSCSI targets.
[[0;32m  OK  [0m] Reached target Remote File Systems (Pre).
[[0;32m  OK  [0m] Reached target Remote File Systems.
         Starting Permit User Sessions...
         Starting LSB: Apache2 web server...
         Starting LSB: automatic crash report generation...
         Starting LSB: Set the CPU Frequency Scaling governor to "ondemand"...
         Starting LSB: daemon to balance interrupts for SMP systems...
         Starting LSB: Set up cgroupfs mounts....
[[0;32m  OK  [0m] Started Permit User Sessions.
         Starting Hold until boot process finishes up...
         Starting Terminate Plymouth Boot Screen...
[[0;32m  OK  [0m] Started Terminate Plymouth Boot Screen.
[[0;32m  OK  [0m] Started LSB: Set up cgroupfs mounts..
[[0;32m  OK  [0m] Started LSB: Record successful boot for GRUB.
[[0;32m  OK  [0m] Started Hold until boot process finishes up.
         Starting Set console scheme...
[[0;32m  OK  [0m] Started Getty on tty1.
[[0;32m  OK  [0m] Started Serial Getty on ttyS0.
[[0;32m  OK  [0m] Reached target Login Prompts.
[[0;32m  OK  [0m] Started Set console scheme.
[[0;32m  OK  [0m] Started LSB: MD monitoring daemon.
         Starting Authenticate and Authorize Users to Run Privileged Tasks...
[[0;32m  OK  [0m] Started LSB: Set the CPU Frequency Scaling governor to "ondemand".
[[0;32m  OK  [0m] Started LXD - container startup/shutdown.
[[0;32m  OK  [0m] Started LSB: automatic crash report generation.
[[0;32m  OK  [0m] Started LSB: daemon to balance interrupts for SMP systems.
[[0;32m  OK  [0m] Started Authenticate and Authorize Users to Run Privileged Tasks.
[[0;32m  OK  [0m] Started OpenBSD Secure Shell server.
[[0;32m  OK  [0m] Started Accounts Service.
[[0;32m  OK  [0m] Started Virtualbox guest utils.
[[0;32m  OK  [0m] Created slice User Slice of vagrant.
         Starting User Manager for UID 1000...
[[0;32m  OK  [0m] Started Session 1 of user vagrant.
[[0;32m  OK  [0m] Started User Manager for UID 1000.
[[0;32m  OK  [0m] Started Snappy daemon.
         Starting Wait until snapd is fully seeded...
[[0;32m  OK  [0m] Started Wait until snapd is fully seeded.
         Starting Apply the settings specified in cloud-config...
[[0;32m  OK  [0m] Started LSB: Apache2 web server.
[   16.394811] cloud-init[1525]: Cloud-init v. 19.4-33-gbb4131a2-0ubuntu1~16.04.1 running 'modules:config' at Thu, 11 Jun 2020 05:48:54 +0000. Up 15.89 seconds.
[[0;32m  OK  [0m] Started Apply the settings specified in cloud-config.

Ubuntu 16.04.6 LTS juice ttyS0

juice login: [   20.787981] cloud-init[1895]: Cloud-init v. 19.4-33-gbb4131a2-0ubuntu1~16.04.1 running 'modules:final' at Thu, 11 Jun 2020 05:48:58 +0000. Up 19.98 seconds.
[   20.795545] cloud-init[1895]: Cloud-init v. 19.4-33-gbb4131a2-0ubuntu1~16.04.1 finished at Thu, 11 Jun 2020 05:48:59 +0000. Datasource DataSourceNoCloud [seed=/dev/sdb][dsmode=net].  Up 20.75 seconds
